[2018-12-21 15:18:56]：编号：00000052   小说名：《我的狐仙老婆》 下载失败。
[2018-12-21 15:18:56]：编号：00000052   下载失败。
[2018-12-21 15:19:01]：编号：00000077   小说名：《无尽丹田》 下载失败。
[2018-12-21 15:19:01]：编号：00000077   下载失败。
[2018-12-21 15:19:01]：编号：00000021   小说名：《妖神》 下载失败。
[2018-12-21 15:19:01]：编号：00000021   下载失败。
[2018-12-21 15:19:02]：编号：00000046   小说名：《官妖》 下载失败。
[2018-12-21 15:19:02]：编号：00000046   下载失败。
[2018-12-21 15:19:02]：编号：00000062   小说名：《混在抗战》 下载失败。
[2018-12-21 15:19:02]：编号：00000062   下载失败。
[2018-12-21 15:19:03]：编号：00000010   小说名：《官场之财色诱人》 下载失败。
[2018-12-21 15:19:03]：编号：00000010   下载失败。
[2018-12-21 15:19:03]：编号：00000036   小说名：《无限武侠新世界》 下载失败。
[2018-12-21 15:19:03]：编号：00000036   下载失败。
[2018-12-21 15:19:04]：编号：00000091   小说名：《金庸绝学异世横行》 下载失败。
[2018-12-21 15:19:04]：编号：00000091   下载失败。
[2018-12-21 15:19:04]：编号：00000018   小说名：《不灭武尊》 下载失败。
[2018-12-21 15:19:04]：编号：00000018   下载失败。
[2018-12-21 15:19:06]：编号：00000069   小说名：《星战风暴》 下载失败。
[2018-12-21 15:19:06]：编号：00000069   下载失败。
[2018-12-21 15:19:07]：编号：00000092   小说名：《傲天狂尊》 下载失败。
[2018-12-21 15:19:07]：编号：00000092   下载失败。
[2018-12-21 15:19:07]：编号：00000022   小说名：《苗疆道事》 下载失败。
[2018-12-21 15:19:07]：编号：00000022   下载失败。
[2018-12-21 15:19:07]：编号：00000053   小说名：《中华第四帝国》 下载失败。
[2018-12-21 15:19:07]：编号：00000053   下载失败。
[2018-12-21 15:19:08]：编号：00000013   小说名：《星河贵族》 下载失败。
[2018-12-21 15:19:08]：编号：00000013   下载失败。
[2018-12-21 15:19:08]：编号：00000088   小说名：《修仙狂徒》 下载失败。
[2018-12-21 15:19:08]：编号：00000088   下载失败。
[2018-12-21 15:19:09]：编号：00000025   小说名：《逍遥房东》 下载失败。
[2018-12-21 15:19:09]：编号：00000025   下载失败。
[2018-12-21 15:19:14]：编号：00000027   小说名：《近身特工》 下载失败。
[2018-12-21 15:19:14]：编号：00000027   下载失败。
[2018-12-21 15:19:14]：编号：00000017   小说名：《全能奇才》 下载失败。
[2018-12-21 15:19:14]：编号：00000017   下载失败。
[2018-12-21 15:19:14]：编号：00000090   小说名：《乱清》 下载失败。
[2018-12-21 15:19:14]：编号：00000090   下载失败。
[2018-12-21 15:19:17]：编号：00000001   小说名：《》 下载失败。
[2018-12-21 15:19:17]：编号：00000001   下载失败。
[2018-12-21 15:19:17]：编号：00000078   小说名：《》 下载失败。
[2018-12-21 15:19:17]：编号：00000078   下载失败。
[2018-12-21 15:19:17]：编号：00000014   小说名：《》 下载失败。
[2018-12-21 15:19:17]：编号：00000014   下载失败。
[2018-12-21 15:19:17]：编号：00000063   小说名：《》 下载失败。
[2018-12-21 15:19:17]：编号：00000063   下载失败。
[2018-12-21 15:19:17]：编号：00000023   小说名：《》 下载失败。
[2018-12-21 15:19:17]：编号：00000023   下载失败。
[2018-12-21 15:19:17]：编号：00000082   小说名：《》 下载失败。
[2018-12-21 15:19:17]：编号：00000082   下载失败。
[2018-12-21 15:19:17]：编号：00000080   小说名：《》 下载失败。
[2018-12-21 15:19:17]：编号：00000080   下载失败。
[2018-12-21 15:19:17]：编号：00000072   小说名：《》 下载失败。
[2018-12-21 15:19:17]：编号：00000072   下载失败。
[2018-12-21 15:19:17]：编号：00000095   小说名：《》 下载失败。
[2018-12-21 15:19:17]：编号：00000095   下载失败。
[2018-12-21 15:19:17]：编号：00000079   小说名：《》 下载失败。
[2018-12-21 15:19:17]：编号：00000079   下载失败。
[2018-12-21 15:19:17]：编号：00000041   小说名：《》 下载失败。
[2018-12-21 15:19:17]：编号：00000041   下载失败。
[2018-12-21 15:19:17]：编号：00000060   小说名：《》 下载失败。
[2018-12-21 15:19:17]：编号：00000060   下载失败。
[2018-12-21 15:19:17]：编号：00000085   小说名：《》 下载失败。
[2018-12-21 15:19:17]：编号：00000085   下载失败。
[2018-12-21 15:19:17]：编号：00000094   小说名：《》 下载失败。
[2018-12-21 15:19:17]：编号：00000094   下载失败。
[2018-12-21 15:19:17]：编号：00000006   小说名：《》 下载失败。
[2018-12-21 15:19:17]：编号：00000006   下载失败。
[2018-12-21 15:19:17]：编号：00000075   小说名：《》 下载失败。
[2018-12-21 15:19:17]：编号：00000075   下载失败。
[2018-12-21 15:19:17]：编号：00000002   小说名：《》 下载失败。
[2018-12-21 15:19:17]：编号：00000002   下载失败。
[2018-12-21 15:19:17]：编号：00000057   小说名：《》 下载失败。
[2018-12-21 15:19:17]：编号：00000057   下载失败。
[2018-12-21 15:19:17]：编号：00000073   小说名：《》 下载失败。
[2018-12-21 15:19:17]：编号：00000073   下载失败。
[2018-12-21 15:19:17]：编号：00000040   小说名：《》 下载失败。
[2018-12-21 15:19:17]：编号：00000040   下载失败。
[2018-12-21 15:19:17]：编号：00000067   小说名：《》 下载失败。
[2018-12-21 15:19:17]：编号：00000067   下载失败。
[2018-12-21 15:19:17]：编号：00000038   小说名：《》 下载失败。
[2018-12-21 15:19:17]：编号：00000038   下载失败。
[2018-12-21 15:19:17]：编号：00000044   小说名：《》 下载失败。
[2018-12-21 15:19:17]：编号：00000044   下载失败。
[2018-12-21 15:19:17]：编号：00000084   小说名：《》 下载失败。
[2018-12-21 15:19:17]：编号：00000084   下载失败。
[2018-12-21 15:19:17]：编号：00000012   小说名：《》 下载失败。
[2018-12-21 15:19:17]：编号：00000012   下载失败。
[2018-12-21 15:19:17]：编号：00000019   小说名：《》 下载失败。
[2018-12-21 15:19:17]：编号：00000019   下载失败。
[2018-12-21 15:19:17]：编号：00000034   小说名：《》 下载失败。
[2018-12-21 15:19:17]：编号：00000034   下载失败。
[2018-12-21 15:19:17]：编号：00000096   小说名：《》 下载失败。
[2018-12-21 15:19:17]：编号：00000096   下载失败。
[2018-12-21 15:19:17]：编号：00000071   小说名：《》 下载失败。
[2018-12-21 15:19:17]：编号：00000071   下载失败。
[2018-12-21 15:19:17]：编号：00000061   小说名：《》 下载失败。
[2018-12-21 15:19:17]：编号：00000061   下载失败。
[2018-12-21 15:19:17]：编号：00000083   小说名：《》 下载失败。
[2018-12-21 15:19:17]：编号：00000083   下载失败。
[2018-12-21 15:19:17]：编号：00000042   小说名：《》 下载失败。
[2018-12-21 15:19:17]：编号：00000042   下载失败。
[2018-12-21 15:19:17]：编号：00000051   小说名：《》 下载失败。
[2018-12-21 15:19:17]：编号：00000051   下载失败。
[2018-12-21 15:19:17]：编号：00000031   小说名：《》 下载失败。
[2018-12-21 15:19:17]：编号：00000031   下载失败。
[2018-12-21 15:19:17]：编号：00000076   小说名：《》 下载失败。
[2018-12-21 15:19:17]：编号：00000076   下载失败。
[2018-12-21 15:19:17]：编号：00000003   小说名：《》 下载失败。
[2018-12-21 15:19:17]：编号：00000003   下载失败。
[2018-12-21 15:19:17]：编号：00000004   小说名：《》 下载失败。
[2018-12-21 15:19:17]：编号：00000004   下载失败。
[2018-12-21 15:19:17]：编号：00000097   小说名：《》 下载失败。
[2018-12-21 15:19:17]：编号：00000097   下载失败。
[2018-12-21 15:19:17]：编号：00000026   小说名：《》 下载失败。
[2018-12-21 15:19:17]：编号：00000026   下载失败。
[2018-12-21 15:19:17]：编号：00000016   小说名：《》 下载失败。
[2018-12-21 15:19:17]：编号：00000016   下载失败。
[2018-12-21 15:19:17]：编号：00000064   小说名：《》 下载失败。
[2018-12-21 15:19:17]：编号：00000064   下载失败。
[2018-12-21 15:19:17]：编号：00000050   小说名：《》 下载失败。
[2018-12-21 15:19:17]：编号：00000050   下载失败。
[2018-12-21 15:19:17]：编号：00000035   小说名：《》 下载失败。
[2018-12-21 15:19:17]：编号：00000035   下载失败。
[2018-12-21 15:19:17]：编号：00000047   小说名：《》 下载失败。
[2018-12-21 15:19:17]：编号：00000047   下载失败。
[2018-12-21 15:19:17]：编号：00000049   小说名：《》 下载失败。
[2018-12-21 15:19:17]：编号：00000049   下载失败。
[2018-12-21 15:19:17]：编号：00000048   小说名：《》 下载失败。
[2018-12-21 15:19:17]：编号：00000048   下载失败。
[2018-12-21 15:19:17]：编号：00000098   小说名：《》 下载失败。
[2018-12-21 15:19:17]：编号：00000098   下载失败。
[2018-12-21 15:19:17]：编号：00000020   小说名：《》 下载失败。
[2018-12-21 15:19:17]：编号：00000020   下载失败。
[2018-12-21 15:19:17]：编号：00000087   小说名：《》 下载失败。
[2018-12-21 15:19:17]：编号：00000087   下载失败。
[2018-12-21 15:19:17]：编号：00000008   小说名：《》 下载失败。
[2018-12-21 15:19:17]：编号：00000008   下载失败。
[2018-12-21 15:19:17]：编号：00000099   小说名：《》 下载失败。
[2018-12-21 15:19:17]：编号：00000099   下载失败。
[2018-12-21 15:19:17]：编号：00000058   小说名：《》 下载失败。
[2018-12-21 15:19:17]：编号：00000058   下载失败。
[2018-12-21 15:19:17]：编号：00000030   小说名：《》 下载失败。
[2018-12-21 15:19:17]：编号：00000030   下载失败。
[2018-12-21 15:19:17]：编号：00000037   小说名：《》 下载失败。
[2018-12-21 15:19:17]：编号：00000037   下载失败。
[2018-12-21 15:19:17]：编号：00000043   小说名：《》 下载失败。
[2018-12-21 15:19:17]：编号：00000043   下载失败。
[2018-12-21 15:19:17]：编号：00000054   小说名：《》 下载失败。
[2018-12-21 15:19:17]：编号：00000054   下载失败。
[2018-12-21 15:19:17]：编号：00000009   小说名：《》 下载失败。
[2018-12-21 15:19:17]：编号：00000009   下载失败。
[2018-12-21 15:19:17]：编号：00000056   小说名：《》 下载失败。
[2018-12-21 15:19:17]：编号：00000056   下载失败。
[2018-12-21 15:19:17]：编号：00000024   小说名：《》 下载失败。
[2018-12-21 15:19:17]：编号：00000024   下载失败。
[2018-12-21 15:19:18]：编号：00000068   小说名：《武炼巅峰》 下载失败。
[2018-12-21 15:19:18]：编号：00000068   下载失败。
[2018-12-21 15:19:18]：编号：00000089   小说名：《》 下载失败。
[2018-12-21 15:19:18]：编号：00000089   下载失败。
[2018-12-21 15:19:18]：编号：00000086   小说名：《》 下载失败。
[2018-12-21 15:19:18]：编号：00000086   下载失败。
[2018-12-21 15:19:18]：编号：00000045   小说名：《》 下载失败。
[2018-12-21 15:19:18]：编号：00000045   下载失败。
[2018-12-21 15:19:18]：编号：00000039   小说名：《》 下载失败。
[2018-12-21 15:19:18]：编号：00000039   下载失败。
[2018-12-21 15:19:18]：编号：00000033   小说名：《》 下载失败。
[2018-12-21 15:19:18]：编号：00000033   下载失败。
[2018-12-21 15:19:18]：编号：00000055   小说名：《》 下载失败。
[2018-12-21 15:19:18]：编号：00000055   下载失败。
[2018-12-21 15:19:18]：编号：00000081   小说名：《》 下载失败。
[2018-12-21 15:19:18]：编号：00000081   下载失败。
[2018-12-21 15:19:18]：编号：00000059   小说名：《》 下载失败。
[2018-12-21 15:19:18]：编号：00000059   下载失败。
[2018-12-21 15:19:18]：编号：00000066   小说名：《》 下载失败。
[2018-12-21 15:19:18]：编号：00000066   下载失败。
[2018-12-21 15:19:18]：编号：00000011   小说名：《》 下载失败。
[2018-12-21 15:19:18]：编号：00000011   下载失败。
[2018-12-21 15:19:18]：编号：00000070   小说名：《》 下载失败。
[2018-12-21 15:19:18]：编号：00000070   下载失败。
[2018-12-21 15:19:18]：编号：00000028   小说名：《》 下载失败。
[2018-12-21 15:19:18]：编号：00000028   下载失败。
[2018-12-21 15:19:18]：编号：00000093   小说名：《》 下载失败。
[2018-12-21 15:19:18]：编号：00000093   下载失败。
[2018-12-21 15:19:18]：编号：00000029   小说名：《》 下载失败。
[2018-12-21 15:19:18]：编号：00000029   下载失败。
[2018-12-21 15:19:18]：编号：00000007   小说名：《》 下载失败。
[2018-12-21 15:19:18]：编号：00000007   下载失败。
[2018-12-21 15:19:18]：编号：00000005   小说名：《》 下载失败。
[2018-12-21 15:19:18]：编号：00000005   下载失败。
[2018-12-21 15:19:18]：编号：00000065   小说名：《》 下载失败。
[2018-12-21 15:19:18]：编号：00000065   下载失败。
[2018-12-21 15:19:18]：编号：00000074   小说名：《》 下载失败。
[2018-12-21 15:19:18]：编号：00000074   下载失败。
[2018-12-21 15:19:18]：编号：00000032   小说名：《》 下载失败。
[2018-12-21 15:19:18]：编号：00000032   下载失败。
[2018-12-21 15:19:18]：编号：00000015   小说名：《》 下载失败。
[2018-12-21 15:19:18]：编号：00000015   下载失败。
[2018-12-21 15:20:39]：编号：00000044   小说名：《》 下载失败。
[2018-12-21 15:20:39]：编号：00000044   下载失败。
[2018-12-21 15:20:39]：编号：00000041   小说名：《》 下载失败。
[2018-12-21 15:20:39]：编号：00000041   下载失败。
[2018-12-21 15:20:39]：编号：00000047   小说名：《》 下载失败。
[2018-12-21 15:20:39]：编号：00000047   下载失败。
[2018-12-21 15:20:39]：编号：00000024   小说名：《》 下载失败。
[2018-12-21 15:20:39]：编号：00000024   下载失败。
[2018-12-21 15:20:39]：编号：00000050   小说名：《》 下载失败。
[2018-12-21 15:20:39]：编号：00000050   下载失败。
[2018-12-21 15:20:39]：编号：00000014   小说名：《》 下载失败。
[2018-12-21 15:20:39]：编号：00000014   下载失败。
[2018-12-21 15:20:39]：编号：00000059   小说名：《》 下载失败。
[2018-12-21 15:20:39]：编号：00000059   下载失败。
[2018-12-21 15:20:39]：编号：00000005   小说名：《》 下载失败。
[2018-12-21 15:20:39]：编号：00000005   下载失败。
[2018-12-21 15:20:39]：编号：00000063   小说名：《》 下载失败。
[2018-12-21 15:20:39]：编号：00000063   下载失败。
[2018-12-21 15:20:39]：编号：00000037   小说名：《》 下载失败。
[2018-12-21 15:20:39]：编号：00000037   下载失败。
[2018-12-21 15:20:39]：编号：00000004   小说名：《》 下载失败。
[2018-12-21 15:20:39]：编号：00000004   下载失败。
[2018-12-21 15:20:39]：编号：00000030   小说名：《》 下载失败。
[2018-12-21 15:20:39]：编号：00000030   下载失败。
[2018-12-21 15:20:39]：编号：00000055   小说名：《》 下载失败。
[2018-12-21 15:20:39]：编号：00000055   下载失败。
[2018-12-21 15:20:39]：编号：00000027   小说名：《》 下载失败。
[2018-12-21 15:20:39]：编号：00000027   下载失败。
[2018-12-21 15:20:39]：编号：00000022   小说名：《》 下载失败。
[2018-12-21 15:20:39]：编号：00000022   下载失败。
[2018-12-21 15:20:39]：编号：00000018   小说名：《》 下载失败。
[2018-12-21 15:20:39]：编号：00000018   下载失败。
[2018-12-21 15:20:39]：编号：00000006   小说名：《》 下载失败。
[2018-12-21 15:20:39]：编号：00000006   下载失败。
[2018-12-21 15:20:39]：编号：00000034   小说名：《》 下载失败。
[2018-12-21 15:20:39]：编号：00000034   下载失败。
[2018-12-21 15:20:39]：编号：00000045   小说名：《》 下载失败。
[2018-12-21 15:20:39]：编号：00000045   下载失败。
[2018-12-21 15:20:39]：编号：00000051   小说名：《》 下载失败。
[2018-12-21 15:20:39]：编号：00000051   下载失败。
[2018-12-21 15:20:39]：编号：00000040   小说名：《》 下载失败。
[2018-12-21 15:20:39]：编号：00000040   下载失败。
[2018-12-21 15:20:39]：编号：00000016   小说名：《》 下载失败。
[2018-12-21 15:20:39]：编号：00000016   下载失败。
[2018-12-21 15:20:39]：编号：00000079   小说名：《》 下载失败。
[2018-12-21 15:20:39]：编号：00000079   下载失败。
[2018-12-21 15:20:39]：编号：00000069   小说名：《》 下载失败。
[2018-12-21 15:20:39]：编号：00000069   下载失败。
[2018-12-21 15:20:39]：编号：00000077   小说名：《》 下载失败。
[2018-12-21 15:20:39]：编号：00000077   下载失败。
[2018-12-21 15:20:39]：编号：00000060   小说名：《》 下载失败。
[2018-12-21 15:20:39]：编号：00000060   下载失败。
[2018-12-21 15:20:39]：编号：00000081   小说名：《》 下载失败。
[2018-12-21 15:20:39]：编号：00000081   下载失败。
[2018-12-21 15:20:39]：编号：00000068   小说名：《》 下载失败。
[2018-12-21 15:20:39]：编号：00000068   下载失败。
[2018-12-21 15:20:39]：编号：00000066   小说名：《》 下载失败。
[2018-12-21 15:20:39]：编号：00000066   下载失败。
[2018-12-21 15:20:39]：编号：00000086   小说名：《》 下载失败。
[2018-12-21 15:20:39]：编号：00000086   下载失败。
[2018-12-21 15:20:39]：编号：00000096   小说名：《》 下载失败。
[2018-12-21 15:20:39]：编号：00000096   下载失败。
[2018-12-21 15:20:39]：编号：00000061   小说名：《》 下载失败。
[2018-12-21 15:20:39]：编号：00000061   下载失败。
[2018-12-21 15:20:39]：编号：00000091   小说名：《》 下载失败。
[2018-12-21 15:20:39]：编号：00000091   下载失败。
[2018-12-21 15:20:39]：编号：00000046   小说名：《》 下载失败。
[2018-12-21 15:20:39]：编号：00000046   下载失败。
[2018-12-21 15:20:39]：编号：00000048   小说名：《》 下载失败。
[2018-12-21 15:20:39]：编号：00000048   下载失败。
[2018-12-21 15:20:39]：编号：00000054   小说名：《》 下载失败。
[2018-12-21 15:20:39]：编号：00000054   下载失败。
[2018-12-21 15:20:39]：编号：00000089   小说名：《》 下载失败。
[2018-12-21 15:20:39]：编号：00000089   下载失败。
[2018-12-21 15:20:39]：编号：00000025   小说名：《》 下载失败。
[2018-12-21 15:20:39]：编号：00000025   下载失败。
[2018-12-21 15:20:39]：编号：00000009   小说名：《》 下载失败。
[2018-12-21 15:20:39]：编号：00000009   下载失败。
[2018-12-21 15:20:39]：编号：00000007   小说名：《》 下载失败。
[2018-12-21 15:20:39]：编号：00000007   下载失败。
[2018-12-21 15:20:39]：编号：00000019   小说名：《》 下载失败。
[2018-12-21 15:20:39]：编号：00000019   下载失败。
[2018-12-21 15:20:39]：编号：00000075   小说名：《》 下载失败。
[2018-12-21 15:20:39]：编号：00000075   下载失败。
[2018-12-21 15:20:39]：编号：00000042   小说名：《》 下载失败。
[2018-12-21 15:20:39]：编号：00000042   下载失败。
[2018-12-21 15:20:39]：编号：00000028   小说名：《》 下载失败。
[2018-12-21 15:20:39]：编号：00000028   下载失败。
[2018-12-21 15:20:39]：编号：00000090   小说名：《》 下载失败。
[2018-12-21 15:20:39]：编号：00000090   下载失败。
[2018-12-21 15:20:39]：编号：00000039   小说名：《》 下载失败。
[2018-12-21 15:20:39]：编号：00000039   下载失败。
[2018-12-21 15:20:39]：编号：00000078   小说名：《》 下载失败。
[2018-12-21 15:20:39]：编号：00000078   下载失败。
[2018-12-21 15:20:39]：编号：00000011   小说名：《》 下载失败。
[2018-12-21 15:20:39]：编号：00000011   下载失败。
[2018-12-21 15:20:39]：编号：00000029   小说名：《》 下载失败。
[2018-12-21 15:20:39]：编号：00000029   下载失败。
[2018-12-21 15:20:39]：编号：00000012   小说名：《》 下载失败。
[2018-12-21 15:20:39]：编号：00000012   下载失败。
[2018-12-21 15:20:39]：编号：00000084   小说名：《》 下载失败。
[2018-12-21 15:20:39]：编号：00000084   下载失败。
[2018-12-21 15:20:39]：编号：00000088   小说名：《》 下载失败。
[2018-12-21 15:20:39]：编号：00000088   下载失败。
[2018-12-21 15:20:39]：编号：00000052   小说名：《》 下载失败。
[2018-12-21 15:20:39]：编号：00000052   下载失败。
[2018-12-21 15:20:39]：编号：00000015   小说名：《》 下载失败。
[2018-12-21 15:20:39]：编号：00000015   下载失败。
[2018-12-21 15:20:39]：编号：00000076   小说名：《》 下载失败。
[2018-12-21 15:20:39]：编号：00000076   下载失败。
[2018-12-21 15:20:39]：编号：00000095   小说名：《》 下载失败。
[2018-12-21 15:20:39]：编号：00000095   下载失败。
[2018-12-21 15:20:39]：编号：00000067   小说名：《》 下载失败。
[2018-12-21 15:20:39]：编号：00000067   下载失败。
[2018-12-21 15:20:39]：编号：00000087   小说名：《》 下载失败。
[2018-12-21 15:20:39]：编号：00000087   下载失败。
[2018-12-21 15:20:39]：编号：00000032   小说名：《》 下载失败。
[2018-12-21 15:20:39]：编号：00000032   下载失败。
[2018-12-21 15:20:39]：编号：00000074   小说名：《》 下载失败。
[2018-12-21 15:20:39]：编号：00000074   下载失败。
[2018-12-21 15:20:39]：编号：00000082   小说名：《》 下载失败。
[2018-12-21 15:20:39]：编号：00000082   下载失败。
[2018-12-21 15:20:39]：编号：00000023   小说名：《》 下载失败。
[2018-12-21 15:20:39]：编号：00000023   下载失败。
[2018-12-21 15:20:39]：编号：00000071   小说名：《》 下载失败。
[2018-12-21 15:20:39]：编号：00000071   下载失败。
[2018-12-21 15:20:39]：编号：00000073   小说名：《》 下载失败。
[2018-12-21 15:20:39]：编号：00000073   下载失败。
[2018-12-21 15:20:39]：编号：00000065   小说名：《》 下载失败。
[2018-12-21 15:20:39]：编号：00000065   下载失败。
[2018-12-21 15:20:39]：编号：00000097   小说名：《》 下载失败。
[2018-12-21 15:20:39]：编号：00000097   下载失败。
[2018-12-21 15:20:39]：编号：00000094   小说名：《》 下载失败。
[2018-12-21 15:20:39]：编号：00000094   下载失败。
[2018-12-21 15:20:39]：编号：00000085   小说名：《》 下载失败。
[2018-12-21 15:20:39]：编号：00000085   下载失败。
[2018-12-21 15:20:39]：编号：00000062   小说名：《》 下载失败。
[2018-12-21 15:20:39]：编号：00000062   下载失败。
[2018-12-21 15:20:39]：编号：00000013   小说名：《》 下载失败。
[2018-12-21 15:20:39]：编号：00000013   下载失败。
[2018-12-21 15:20:39]：编号：00000099   小说名：《》 下载失败。
[2018-12-21 15:20:39]：编号：00000099   下载失败。
[2018-12-21 15:20:39]：编号：00000049   小说名：《》 下载失败。
[2018-12-21 15:20:39]：编号：00000049   下载失败。
[2018-12-21 15:20:39]：编号：00000070   小说名：《》 下载失败。
[2018-12-21 15:20:39]：编号：00000070   下载失败。
[2018-12-21 15:20:39]：编号：00000033   小说名：《》 下载失败。
[2018-12-21 15:20:39]：编号：00000033   下载失败。
[2018-12-21 15:20:39]：编号：00000064   小说名：《》 下载失败。
[2018-12-21 15:20:39]：编号：00000064   下载失败。
[2018-12-21 15:20:39]：编号：00000043   小说名：《》 下载失败。
[2018-12-21 15:20:39]：编号：00000043   下载失败。
[2018-12-21 15:20:39]：编号：00000057   小说名：《》 下载失败。
[2018-12-21 15:20:39]：编号：00000057   下载失败。
[2018-12-21 15:20:39]：编号：00000017   小说名：《》 下载失败。
[2018-12-21 15:20:39]：编号：00000017   下载失败。
[2018-12-21 15:20:39]：编号：00000036   小说名：《》 下载失败。
[2018-12-21 15:20:39]：编号：00000036   下载失败。
[2018-12-21 15:20:39]：编号：00000098   小说名：《》 下载失败。
[2018-12-21 15:20:39]：编号：00000098   下载失败。
[2018-12-21 15:20:39]：编号：00000001   小说名：《》 下载失败。
[2018-12-21 15:20:39]：编号：00000001   下载失败。
[2018-12-21 15:20:39]：编号：00000002   小说名：《》 下载失败。
[2018-12-21 15:20:39]：编号：00000002   下载失败。
[2018-12-21 15:20:39]：编号：00000072   小说名：《》 下载失败。
[2018-12-21 15:20:39]：编号：00000072   下载失败。
[2018-12-21 15:20:39]：编号：00000035   小说名：《》 下载失败。
[2018-12-21 15:20:39]：编号：00000035   下载失败。
[2018-12-21 15:20:39]：编号：00000058   小说名：《》 下载失败。
[2018-12-21 15:20:39]：编号：00000058   下载失败。
[2018-12-21 15:20:39]：编号：00000031   小说名：《》 下载失败。
[2018-12-21 15:20:39]：编号：00000031   下载失败。
[2018-12-21 15:20:39]：编号：00000083   小说名：《》 下载失败。
[2018-12-21 15:20:39]：编号：00000083   下载失败。
[2018-12-21 15:20:39]：编号：00000026   小说名：《》 下载失败。
[2018-12-21 15:20:39]：编号：00000026   下载失败。
[2018-12-21 15:20:39]：编号：00000010   小说名：《》 下载失败。
[2018-12-21 15:20:39]：编号：00000010   下载失败。
[2018-12-21 15:20:39]：编号：00000021   小说名：《》 下载失败。
[2018-12-21 15:20:39]：编号：00000021   下载失败。
[2018-12-21 15:20:40]：编号：00000003   小说名：《》 下载失败。
[2018-12-21 15:20:40]：编号：00000003   下载失败。
[2018-12-21 15:20:40]：编号：00000092   小说名：《》 下载失败。
[2018-12-21 15:20:40]：编号：00000092   下载失败。
[2018-12-21 15:20:40]：编号：00000020   小说名：《》 下载失败。
[2018-12-21 15:20:40]：编号：00000020   下载失败。
[2018-12-21 15:20:42]：编号：00000008   小说名：《亲亲老公请住手》 下载失败。
[2018-12-21 15:20:42]：编号：00000008   下载失败。
[2018-12-21 15:20:43]：编号：00000056   小说名：《原配宝典》 下载失败。
[2018-12-21 15:20:43]：编号：00000056   下载失败。
[2018-12-21 15:20:44]：编号：00000038   小说名：《绝世唐门》 下载失败。
[2018-12-21 15:20:44]：编号：00000038   下载失败。
[2018-12-21 15:20:45]：编号：00000093   小说名：《逆天作弊器之超级游戏》 下载失败。
[2018-12-21 15:20:45]：编号：00000093   下载失败。
[2018-12-21 15:20:45]：编号：00000053   小说名：《中华第四帝国》 下载失败。
[2018-12-21 15:20:45]：编号：00000053   下载失败。
[2018-12-21 15:20:53]：编号：00000080   小说名：《龙血战神》 下载失败。
[2018-12-21 15:20:53]：编号：00000080   下载失败。
[2019-01-14 11:14:24]：编号：00000019   小说名：《暴力牛魔王》 下载失败。
[2019-01-14 11:14:24]：编号：00000019   下载失败。
[2019-01-14 11:14:24]：编号：00000002   小说名：《射雕之江湖》 下载失败。
[2019-01-14 11:14:24]：编号：00000002   下载失败。
[2019-01-14 11:14:25]：编号：00000097   小说名：《洪荒元符录》 下载失败。
[2019-01-14 11:14:25]：编号：00000097   下载失败。
[2019-01-14 11:14:26]：编号：00000020   小说名：《电影世界抽奖传》 下载失败。
[2019-01-14 11:14:26]：编号：00000020   下载失败。
[2019-01-14 11:14:26]：编号：00000061   小说名：《北宋小厨师》 下载失败。
[2019-01-14 11:14:26]：编号：00000061   下载失败。
[2019-01-14 11:14:26]：编号：00000036   小说名：《无限武侠新世界》 下载失败。
[2019-01-14 11:14:26]：编号：00000036   下载失败。
[2019-01-14 11:14:26]：编号：00000078   小说名：《》 下载失败。
[2019-01-14 11:14:26]：编号：00000078   下载失败。
[2019-01-14 11:14:26]：编号：00000060   小说名：《喜良缘》 下载失败。
[2019-01-14 11:14:26]：编号：00000060   下载失败。
[2019-01-14 11:14:27]：编号：00000063   小说名：《苗疆蛊事》 下载失败。
[2019-01-14 11:14:27]：编号：00000063   下载失败。
[2019-01-14 11:14:27]：编号：00000064   小说名：《误入官场》 下载失败。
[2019-01-14 11:14:27]：编号：00000064   下载失败。
[2019-01-14 11:14:28]：编号：00000059   小说名：《都市圣骑录》 下载失败。
[2019-01-14 11:14:28]：编号：00000059   下载失败。
[2019-01-14 11:14:28]：编号：00000045   小说名：《盛唐风月》 下载失败。
[2019-01-14 11:14:28]：编号：00000045   下载失败。
[2019-01-14 11:14:28]：编号：00000010   小说名：《官场之财色诱人》 下载失败。
[2019-01-14 11:14:28]：编号：00000010   下载失败。
[2019-01-14 11:14:28]：编号：00000008   小说名：《亲亲老公请住手》 下载失败。
[2019-01-14 11:14:28]：编号：00000008   下载失败。
[2019-01-14 11:14:29]：编号：00000042   小说名：《旷世妖师》 下载失败。
[2019-01-14 11:14:29]：编号：00000042   下载失败。
[2019-01-14 11:14:29]：编号：00000081   小说名：《罪恶之城》 下载失败。
[2019-01-14 11:14:29]：编号：00000081   下载失败。
[2019-01-14 11:14:29]：编号：00000013   小说名：《星河贵族》 下载失败。
[2019-01-14 11:14:29]：编号：00000013   下载失败。
[2019-01-14 11:14:29]：编号：00000023   小说名：《天元神诀》 下载失败。
[2019-01-14 11:14:29]：编号：00000023   下载失败。
[2019-01-14 11:14:29]：编号：00000022   小说名：《苗疆道事》 下载失败。
[2019-01-14 11:14:29]：编号：00000022   下载失败。
[2019-01-14 11:14:30]：编号：00000096   小说名：《食色天下》 下载失败。
[2019-01-14 11:14:30]：编号：00000096   下载失败。
[2019-01-14 11:14:30]：编号：00000099   小说名：《晚明》 下载失败。
[2019-01-14 11:14:30]：编号：00000099   下载失败。
[2019-01-14 11:14:31]：编号：00000055   小说名：《春闺记事》 下载失败。
[2019-01-14 11:14:32]：编号：00000055   下载失败。
[2019-01-14 11:14:31]：编号：00000084   小说名：《绝世强者》 下载失败。
[2019-01-14 11:14:32]：编号：00000084   下载失败。
[2019-01-14 11:14:32]：编号：00000054   小说名：《末日新世界》 下载失败。
[2019-01-14 11:14:33]：编号：00000054   下载失败。
[2019-01-14 11:14:32]：编号：00000087   小说名：《惊门》 下载失败。
[2019-01-14 11:14:33]：编号：00000087   下载失败。
[2019-01-14 11:14:32]：编号：00000030   小说名：《桃运官途》 下载失败。
[2019-01-14 11:14:33]：编号：00000030   下载失败。
[2019-01-14 11:14:32]：编号：00000026   小说名：《余罪》 下载失败。
[2019-01-14 11:14:33]：编号：00000026   下载失败。
[2019-01-14 11:14:33]：编号：00000094   小说名：《铁血大民国》 下载失败。
[2019-01-14 11:14:34]：编号：00000094   下载失败。
[2019-01-14 11:14:35]：编号：00000004   小说名：《匹夫的逆袭》 下载失败。
[2019-01-14 11:14:35]：编号：00000004   下载失败。
[2019-01-14 11:14:34]：编号：00000093   小说名：《逆天作弊器之超级游戏》 下载失败。
[2019-01-14 11:14:35]：编号：00000093   下载失败。
[2019-01-14 11:14:35]：编号：00000065   小说名：《萌娘武侠世界》 下载失败。
[2019-01-14 11:14:35]：编号：00000062   小说名：《混在抗战》 下载失败。
